# JRE version: Java(TM) SE Runtime Environment (8.0_131-b11) (build 1.8.0_131-b11)
# Java VM: Java HotSpot(TM) 64-Bit Server VM (25.131-b11 mixed mode windows-amd64 compressed oops)
Heap:
 PSYoungGen      total 75776K, used 20677K [0x000000076ba00000, 0x0000000772700000, 0x00000007c0000000)
  eden space 65024K, 18% used [0x000000076ba00000,0x000000076c5fa0b0,0x000000076f980000)
  from space 10752K, 78% used [0x000000076f980000,0x00000007701b7508,0x0000000770400000)
  to   space 10752K, 0% used [0x0000000771c80000,0x0000000771c80000,0x0000000772700000)
 ParOldGen       total 110080K, used 9434K [0x00000006c2e00000, 0x00000006c9980000, 0x000000076ba00000)
  object space 110080K, 8% used [0x00000006c2e00000,0x00000006c3736b60,0x00000006c9980000)
 Metaspace       used 30644K, capacity 31478K, committed 31616K, reserved 1077248K
  class space    used 3892K, capacity 4107K, committed 4224K, reserved 1048576K
GC Heap History (8 events):
Event: 1.921 GC heap before
{Heap before GC invocations=1 (full 0):
 PSYoungGen      total 75776K, used 65024K [0x000000076ba00000, 0x0000000770e80000, 0x00000007c0000000)
  eden space 65024K, 100% used [0x000000076ba00000,0x000000076f980000,0x000000076f980000)
  from space 10752K, 0% used [0x0000000770400000,0x0000000770400000,0x0000000770e80000)
  to   space 10752K, 0% used [0x000000076f980000,0x000000076f980000,0x0000000770400000)
 ParOldGen       total 173568K, used 0K [0x00000006c2e00000, 0x00000006cd780000, 0x000000076ba00000)
  object space 173568K, 0% used [0x00000006c2e00000,0x00000006c2e00000,0x00000006cd780000)
 Metaspace       used 16928K, capacity 17096K, committed 17408K, reserved 1064960K
  class space    used 1897K, capacity 1982K, committed 2048K, reserved 1048576K
Event: 1.929 GC heap after
Heap after GC invocations=1 (full 0):
 PSYoungGen      total 75776K, used 10721K [0x000000076ba00000, 0x0000000770e80000, 0x00000007c0000000)
  eden space 65024K, 0% used [0x000000076ba00000,0x000000076ba00000,0x000000076f980000)
  from space 10752K, 99% used [0x000000076f980000,0x00000007703f8630,0x0000000770400000)
  to   space 10752K, 0% used [0x0000000770400000,0x0000000770400000,0x0000000770e80000)
 ParOldGen       total 173568K, used 989K [0x00000006c2e00000, 0x00000006cd780000, 0x000000076ba00000)
  object space 173568K, 0% used [0x00000006c2e00000,0x00000006c2ef7618,0x00000006cd780000)
 Metaspace       used 16928K, capacity 17096K, committed 17408K, reserved 1064960K
  class space    used 1897K, capacity 1982K, committed 2048K, reserved 1048576K
}
Event: 2.271 GC heap before
{Heap before GC invocations=2 (full 0):
 PSYoungGen      total 75776K, used 43589K [0x000000076ba00000, 0x0000000770e80000, 0x00000007c0000000)
  eden space 65024K, 50% used [0x000000076ba00000,0x000000076da19020,0x000000076f980000)
  from space 10752K, 99% used [0x000000076f980000,0x00000007703f8630,0x0000000770400000)
  to   space 10752K, 0% used [0x0000000770400000,0x0000000770400000,0x0000000770e80000)
 ParOldGen       total 173568K, used 989K [0x00000006c2e00000, 0x00000006cd780000, 0x000000076ba00000)
  object space 173568K, 0% used [0x00000006c2e00000,0x00000006c2ef7618,0x00000006cd780000)
 Metaspace       used 20915K, capacity 21156K, committed 21248K, reserved 1069056K
  class space    used 2439K, capacity 2536K, committed 2560K, reserved 1048576K
Event: 2.278 GC heap after
Heap after GC invocations=2 (full 0):
 PSYoungGen      total 75776K, used 9662K [0x000000076ba00000, 0x0000000770e80000, 0x00000007c0000000)
  eden space 65024K, 0% used [0x000000076ba00000,0x000000076ba00000,0x000000076f980000)
  from space 10752K, 89% used [0x0000000770400000,0x0000000770d6fb40,0x0000000770e80000)
  to   space 10752K, 0% used [0x000000076f980000,0x000000076f980000,0x0000000770400000)
 ParOldGen       total 173568K, used 997K [0x00000006c2e00000, 0x00000006cd780000, 0x000000076ba00000)
  object space 173568K, 0% used [0x00000006c2e00000,0x00000006c2ef9618,0x00000006cd780000)
 Metaspace       used 20915K, capacity 21156K, committed 21248K, reserved 1069056K
  class space    used 2439K, capacity 2536K, committed 2560K, reserved 1048576K
}
Event: 2.278 GC heap before
{Heap before GC invocations=3 (full 1):
 PSYoungGen      total 75776K, used 9662K [0x000000076ba00000, 0x0000000770e80000, 0x00000007c0000000)
  eden space 65024K, 0% used [0x000000076ba00000,0x000000076ba00000,0x000000076f980000)
  from space 10752K, 89% used [0x0000000770400000,0x0000000770d6fb40,0x0000000770e80000)
  to   space 10752K, 0% used [0x000000076f980000,0x000000076f980000,0x0000000770400000)
 ParOldGen       total 173568K, used 997K [0x00000006c2e00000, 0x00000006cd780000, 0x000000076ba00000)
  object space 173568K, 0% used [0x00000006c2e00000,0x00000006c2ef9618,0x00000006cd780000)
 Metaspace       used 20915K, capacity 21156K, committed 21248K, reserved 1069056K
  class space    used 2439K, capacity 2536K, committed 2560K, reserved 1048576K
Event: 2.307 GC heap after
Heap after GC invocations=3 (full 1):
 PSYoungGen      total 75776K, used 0K [0x000000076ba00000, 0x0000000770e80000, 0x00000007c0000000)
  eden space 65024K, 0% used [0x000000076ba00000,0x000000076ba00000,0x000000076f980000)
  from space 10752K, 0% used [0x0000000770400000,0x0000000770400000,0x0000000770e80000)
  to   space 10752K, 0% used [0x000000076f980000,0x000000076f980000,0x0000000770400000)
 ParOldGen       total 110080K, used 9426K [0x00000006c2e00000, 0x00000006c9980000, 0x000000076ba00000)
  object space 110080K, 8% used [0x00000006c2e00000,0x00000006c3734b60,0x00000006c9980000)
 Metaspace       used 20915K, capacity 21156K, committed 21248K, reserved 1069056K
  class space    used 2439K, capacity 2536K, committed 2560K, reserved 1048576K
}
Event: 63.904 GC heap before
{Heap before GC invocations=4 (full 1):
 PSYoungGen      total 75776K, used 65024K [0x000000076ba00000, 0x0000000770e80000, 0x00000007c0000000)
  eden space 65024K, 100% used [0x000000076ba00000,0x000000076f980000,0x000000076f980000)
  from space 10752K, 0% used [0x0000000770400000,0x0000000770400000,0x0000000770e80000)
  to   space 10752K, 0% used [0x000000076f980000,0x000000076f980000,0x0000000770400000)
 ParOldGen       total 110080K, used 9426K [0x00000006c2e00000, 0x00000006c9980000, 0x000000076ba00000)
  object space 110080K, 8% used [0x00000006c2e00000,0x00000006c3734b60,0x00000006c9980000)
 Metaspace       used 29590K, capacity 30390K, committed 30592K, reserved 1075200K
  class space    used 3717K, capacity 3915K, committed 3968K, reserved 1048576K
Event: 63.908 GC heap after
Heap after GC invocations=4 (full 1):
 PSYoungGen      total 75776K, used 8413K [0x000000076ba00000, 0x0000000772700000, 0x00000007c0000000)
  eden space 65024K, 0% used [0x000000076ba00000,0x000000076ba00000,0x000000076f980000)
  from space 10752K, 78% used [0x000000076f980000,0x00000007701b7508,0x0000000770400000)
  to   space 10752K, 0% used [0x0000000771c80000,0x0000000771c80000,0x0000000772700000)
 ParOldGen       total 110080K, used 9434K [0x00000006c2e00000, 0x00000006c9980000, 0x000000076ba00000)
  object space 110080K, 8% used [0x00000006c2e00000,0x00000006c3736b60,0x00000006c9980000)
 Metaspace       used 29590K, capacity 30390K, committed 30592K, reserved 1075200K
  class space    used 3717K, capacity 3915K, committed 3968K, reserved 1048576K
}

